<?xml version="1.0" encoding="UTF-8"?>
<!-- Generated by org.testng.reporters.JUnitXMLReporter -->
<testsuite hostname="DESKTOP-FEL46G5" ignored="0" name="Test" tests="2" failures="2" timestamp="12 Oct 2020 08:03:02 GMT" time="62.193" errors="0">
  <testcase name="NewLL_Public" time="12.14" classname="testScripts.NewLL">
    <failure type="java.lang.AssertionError" message="expected [true] but found [false]">
      <![CDATA[java.lang.AssertionError: expected [true] but found [false]
at frameworkLibrary.ReportLibrary.reportEvent(ReportLibrary.java:72)
at applicationPages.NewLLRegistrtionPage.Mouserhoveron_LearnerLicence(NewLLRegistrtionPage.java:1407)
at applicationPages.UniversalState.Validating_lldl_same_time_Check(UniversalState.java:244)
at applicationPages.UniversalState.Initiate_Process(UniversalState.java:217)
at applicationPages.UniversalState.PerformJob(UniversalState.java:201)
at testScripts.NewLL.NewLL_Public(NewLL.java:44)
... Removed 31 stack frames]]>
    </failure>
  </testcase> <!-- NewLL_Public -->
  <testcase name="NewLL_Public" time="45.272" classname="testScripts.NewLL">
    <failure type="java.lang.AssertionError" message="expected [true] but found [false]">
      <![CDATA[java.lang.AssertionError: expected [true] but found [false]
at frameworkLibrary.ReportLibrary.reportEvent(ReportLibrary.java:72)
at applicationPages.NewLLRegistrtionPage.Mouserhoveron_LearnerLicence(NewLLRegistrtionPage.java:1407)
at applicationPages.UniversalState.Validating_lldl_same_time_Check(UniversalState.java:240)
at applicationPages.UniversalState.Initiate_Process(UniversalState.java:217)
at applicationPages.UniversalState.PerformJob(UniversalState.java:142)
at testScripts.NewLL.NewLL_Public(NewLL.java:44)
... Removed 31 stack frames]]>
    </failure>
  </testcase> <!-- NewLL_Public -->
</testsuite> <!-- Test -->
